Deleted Volumes:
be65d0ef595ac33c0b06df0bdd3d276769f8f0288a2fdf5c852bdcc9af68c4d1

Deleted Volumes:
be65d0ef595ac33c0b06df0bdd3d276769f8f0288a2fdf5c852bdcc9af68c4d1

Deleted Volumes:
be65d0ef595ac33c0b06df0bdd3d276769f8f0288a2fdf5c852bdcc9af68c4d1

Deleted Volumes:
be65d0ef595ac33c0b06df0bdd3d276769f8f0288a2fdf5c852bdcc9af68c4d1

Deleted Volumes:
be65d0ef595ac33c0b06df0bdd3d276769f8f0288a2fdf5c852bdcc9af68c4d1

Deleted Volumes:
be65d0ef595ac33c0b06df0bdd3d276769f8f0288a2fdf5c852bdcc9af68c4d1

Deleted Volumes:
be65d0ef595ac33c0b06df0bdd3d276769f8f0288a2fdf5c852bdcc9af68c4d1

Deleted Volumes:
be65d0ef595ac33c0b06df0bdd3d276769f8f0288a2fdf5c852bdcc9af68c4d1

Deleted Volumes:
be65d0ef595ac33c0b06df0bdd3d276769f8f0288a2fdf5c852bdcc9af68c4d1

Deleted Volumes:
be65d0ef595ac33c0b06df0bdd3d276769f8f0288a2fdf5c852bdcc9af68c4d1

Deleted Images:
untagged: polkaned/expressvpn:latest
deleted: sha256:ec7739814fa7f5b4acfd7674ff033e70a03ce7f94d5e97802cba0e397344f270
untagged: ghcr.io/flaresolverr/flaresolverr:latest
deleted: sha256:7962759d99d7e125e108e0f5e7f3cdbcd36161776d058d1d9b7153b92ef1af9e
deleted: sha256:524715c5b5d045ff77ae409ffa1d6c0fcf9f23a2e5e957eb44da4f2fc53e6876
deleted: sha256:522ba6ab328ca528ec9d6982994a3125d66a65b76b71c4b108c0b7a1bea24dac
untagged: lscr.io/linuxserver/jackett:latest
deleted: sha256:80ab5db466197d984a623e6a3d974ed0b3ed7149a152ee96189385e2a61876ab
deleted: sha256:80551c2036b8a145e38074177f5a98db10e0e083b5f0571724ef25f63a1b513c
deleted: sha256:2a3a69e63fadb539b0f7e3d4a3e6a58ac8df905640c270800c0f40a4ecb6189d
untagged: lscr.io/linuxserver/qbittorrent:latest
deleted: sha256:474ef1f1c63fc060236e85cd6ec4a3232aea5a0d7a033c6bab9911039933f147
deleted: sha256:1e446444f38fdb785efe99290be3c0ac5493dfc35f9c067ceada6bb36613d777
deleted: sha256:3764157f19b7adc5048403a07bc2c905641ce81cdffb219b04b8440a643599ee

Total reclaimed space: 781.8MB
Deleted Volumes:
be65d0ef595ac33c0b06df0bdd3d276769f8f0288a2fdf5c852bdcc9af68c4d1

Deleted Images:
untagged: polkaned/expressvpn:latest
deleted: sha256:ec7739814fa7f5b4acfd7674ff033e70a03ce7f94d5e97802cba0e397344f270
untagged: ghcr.io/flaresolverr/flaresolverr:latest
deleted: sha256:7962759d99d7e125e108e0f5e7f3cdbcd36161776d058d1d9b7153b92ef1af9e
deleted: sha256:524715c5b5d045ff77ae409ffa1d6c0fcf9f23a2e5e957eb44da4f2fc53e6876
deleted: sha256:522ba6ab328ca528ec9d6982994a3125d66a65b76b71c4b108c0b7a1bea24dac
untagged: lscr.io/linuxserver/jackett:latest
deleted: sha256:80ab5db466197d984a623e6a3d974ed0b3ed7149a152ee96189385e2a61876ab
deleted: sha256:80551c2036b8a145e38074177f5a98db10e0e083b5f0571724ef25f63a1b513c
deleted: sha256:2a3a69e63fadb539b0f7e3d4a3e6a58ac8df905640c270800c0f40a4ecb6189d
untagged: lscr.io/linuxserver/qbittorrent:latest
deleted: sha256:474ef1f1c63fc060236e85cd6ec4a3232aea5a0d7a033c6bab9911039933f147
deleted: sha256:1e446444f38fdb785efe99290be3c0ac5493dfc35f9c067ceada6bb36613d777
deleted: sha256:3764157f19b7adc5048403a07bc2c905641ce81cdffb219b04b8440a643599ee

Total reclaimed space: 781.8MB
