 Image polkaned/expressvpn:latest Pulling 
 Image ghcr.io/flaresolverr/flaresolverr:latest Pulling 
 Image lscr.io/linuxserver/jackett:latest Pulling 
 Image lscr.io/linuxserver/qbittorrent:latest Pulling 
 Image polkaned/expressvpn:latest Pulling 
 Image ghcr.io/flaresolverr/flaresolverr:latest Pulling 
 Image lscr.io/linuxserver/jackett:latest Pulling 
 Image lscr.io/linuxserver/qbittorrent:latest Pulling 
 Image polkaned/expressvpn:latest Pulling 
 Image ghcr.io/flaresolverr/flaresolverr:latest Pulling 
 Image lscr.io/linuxserver/jackett:latest Pulling 
 Image lscr.io/linuxserver/qbittorrent:latest Pulling 
 Image polkaned/expressvpn:latest Pulled 
 Image polkaned/expressvpn:latest Pulling 
 Image ghcr.io/flaresolverr/flaresolverr:latest Pulling 
 Image lscr.io/linuxserver/jackett:latest Pulling 
 Image lscr.io/linuxserver/qbittorrent:latest Pulling 
 Image polkaned/expressvpn:latest Pulled 
 Image ghcr.io/flaresolverr/flaresolverr:latest Pulled 
 Image polkaned/expressvpn:latest Pulling 
 Image ghcr.io/flaresolverr/flaresolverr:latest Pulling 
 Image lscr.io/linuxserver/jackett:latest Pulling 
 Image lscr.io/linuxserver/qbittorrent:latest Pulling 
 Image polkaned/expressvpn:latest Pulled 
 Image ghcr.io/flaresolverr/flaresolverr:latest Pulled 
 Image polkaned/expressvpn:latest Pulling 
 Image ghcr.io/flaresolverr/flaresolverr:latest Pulling 
 Image lscr.io/linuxserver/jackett:latest Pulling 
 Image lscr.io/linuxserver/qbittorrent:latest Pulling 
 Image polkaned/expressvpn:latest Pulled 
 Image ghcr.io/flaresolverr/flaresolverr:latest Pulled 
 Image lscr.io/linuxserver/qbittorrent:latest Pulled 
 Image lscr.io/linuxserver/jackett:latest Pulled 
 Image polkaned/expressvpn:latest Pulling 
 Image ghcr.io/flaresolverr/flaresolverr:latest Pulling 
 Image lscr.io/linuxserver/jackett:latest Pulling 
 Image lscr.io/linuxserver/qbittorrent:latest Pulling 
 Image polkaned/expressvpn:latest Pulled 
 Image ghcr.io/flaresolverr/flaresolverr:latest Pulled 
 Image lscr.io/linuxserver/qbittorrent:latest Pulled 
 Image lscr.io/linuxserver/jackett:latest Pulled 
