 Container flaresolverr Running 
 Container expressvpn Running 
 Container jackett Running 
 Container qbittorrent Running 
 Container flaresolverr Running 
 Container expressvpn Running 
 Container jackett Running 
 Container qbittorrent Running 
 Container flaresolverr Waiting 
 Container flaresolverr Healthy 
 Container jackett Waiting 
 Container flaresolverr Waiting 
 Container expressvpn Waiting 
 Container flaresolverr Healthy 
 Container jackett Healthy 
 Container expressvpn Healthy 
 Container flaresolverr Running 
 Container expressvpn Running 
 Container jackett Running 
 Container qbittorrent Running 
 Container flaresolverr Waiting 
 Container flaresolverr Healthy 
 Container jackett Waiting 
 Container flaresolverr Waiting 
 Container expressvpn Waiting 
 Container flaresolverr Healthy 
 Container jackett Healthy 
 Container expressvpn Healthy 
